<?xml version="1.0" encoding="UTF-8"?>
<!-- Generated by org.testng.reporters.JUnitReportReporter -->
<testsuite hostname="DESKTOP-PNIJDNB" failures="0" tests="2" name="com.simplileaern.testng.FirstDemo" time="0.032" errors="0" timestamp="2022-09-16T15:37:12 IST" skipped="0">
  <testcase classname="com.simplileaern.testng.FirstDemo" name="Hello" time="0.019"/>
  <system-out/>
  <testcase classname="com.simplileaern.testng.FirstDemo" name="Hello1" time="0.013"/>
  <system-out/>
</testsuite> <!-- com.simplileaern.testng.FirstDemo -->
