<?xml version="1.0" encoding="UTF-8"?>
<!-- Generated by org.testng.reporters.JUnitReportReporter -->
<testsuite hostname="DESKTOP-PNIJDNB" failures="0" tests="1" name="com.simplileaern.testng.AutomaticAnnotationDemo" time="0.034" errors="0" timestamp="2022-09-16T15:40:11 IST" skipped="0">
  <testcase classname="com.simplileaern.testng.AutomaticAnnotationDemo" name="f" time="0.034"/>
  <system-out/>
</testsuite> <!-- com.simplileaern.testng.AutomaticAnnotationDemo -->
